framework/framework-ui/tabFragment/build/intermediates/manifest_merge_blame_file/debug/manifest-merger-blame-debug-report.txt
1<?xml version="1.0" encoding="utf-8"?>
2<manifest xmlns:android="http://schemas.android.com/apk/res-auto"
3    xmlns:android1="http://schemas.android.com/apk/res/android"
4    xmlns:tools="http://schemas.android.com/tools"
5    package="com.li.framework.tabfragment"
6    android1:versionCode="1"
7    android1:versionName="1.0"
8    tools:ignore="NamespaceTypo" >
9
10    <uses-sdk
11        android1:minSdkVersion="16"
11-->src\main\AndroidManifest.xml
12        android1:targetSdkVersion="31" />
12-->src\main\AndroidManifest.xml
13
14</manifest>